[2025-07-29T15:41:41.764Z] 🚀 开始批量爬取: 第6页 到 第15页
[2025-07-29T15:41:41.766Z] 📊 配置信息:
[2025-07-29T15:41:41.766Z]    - 批次大小: 10页/批
[2025-07-29T15:41:41.766Z]    - 批次间延迟: 5000ms
[2025-07-29T15:41:41.766Z]    - 页面间延迟: 2000ms
[2025-07-29T15:41:41.766Z] 📁 已完成页面: 5页
[2025-07-29T15:41:41.766Z]    最新页面: 第5页
[2025-07-29T15:41:41.767Z] 📋 待爬取页面: 10页
[2025-07-29T15:41:41.767Z] 
🔄 执行第1/1批次: 页面 6-15
[2025-07-29T15:41:41.767Z] 📥 开始爬取第6页...
[2025-07-29T15:41:58.373Z] ⚠️ 第6页API参数获取失败
[2025-07-29T15:41:58.373Z] 💥 第6页爬取异常: crawler.cleanup is not a function
[2025-07-29T15:41:58.374Z] 📥 开始爬取第7页...
[2025-07-29T15:42:15.965Z] ⚠️ 第7页API参数获取失败
[2025-07-29T15:42:15.966Z] 💥 第7页爬取异常: crawler.cleanup is not a function
[2025-07-29T15:42:15.966Z] 📥 开始爬取第8页...
[2025-07-29T15:42:29.841Z] ⚠️ 第8页API参数获取失败
[2025-07-29T15:42:29.841Z] 💥 第8页爬取异常: crawler.cleanup is not a function
[2025-07-29T15:42:29.842Z] 📥 开始爬取第9页...
[2025-07-29T15:42:43.675Z] ⚠️ 第9页API参数获取失败
[2025-07-29T15:42:43.676Z] 💥 第9页爬取异常: crawler.cleanup is not a function
[2025-07-29T15:42:43.676Z] 📥 开始爬取第10页...
[2025-07-29T15:42:57.347Z] ⚠️ 第10页API参数获取失败
[2025-07-29T15:42:57.348Z] 💥 第10页爬取异常: crawler.cleanup is not a function
[2025-07-29T15:42:57.348Z] 📥 开始爬取第11页...
[2025-07-29T15:43:10.647Z] ⚠️ 第11页API参数获取失败
[2025-07-29T15:43:10.647Z] 💥 第11页爬取异常: crawler.cleanup is not a function
[2025-07-29T15:43:10.647Z] 📥 开始爬取第12页...
[2025-07-29T15:43:23.698Z] ⚠️ 第12页API参数获取失败
[2025-07-29T15:43:23.699Z] 💥 第12页爬取异常: crawler.cleanup is not a function
[2025-07-29T15:43:23.699Z] 📥 开始爬取第13页...
[2025-07-29T15:43:36.472Z] ⚠️ 第13页API参数获取失败
[2025-07-29T15:43:36.473Z] 💥 第13页爬取异常: crawler.cleanup is not a function
[2025-07-29T15:43:36.473Z] 📥 开始爬取第14页...
[2025-07-29T15:43:49.788Z] ⚠️ 第14页API参数获取失败
[2025-07-29T15:43:49.789Z] 💥 第14页爬取异常: crawler.cleanup is not a function
[2025-07-29T15:43:49.789Z] 📥 开始爬取第15页...
[2025-07-29T15:44:03.080Z] ⚠️ 第15页API参数获取失败
[2025-07-29T15:44:03.080Z] 💥 第15页爬取异常: crawler.cleanup is not a function
[2025-07-29T15:44:03.081Z] 
📊 爬取完成统计:
[2025-07-29T15:44:03.081Z]    ✅ 成功: 5页
[2025-07-29T15:44:03.081Z]    ❌ 失败: 10页
[2025-07-29T15:44:03.081Z]    📈 成功率: 33.33%
[2025-07-29T15:44:03.081Z] 
🔄 失败页面列表: 6, 7, 8, 9, 10, 11, 12, 13, 14, 15
[2025-07-29T15:44:03.081Z] 💡 可以稍后重新运行来重试失败的页面
[2025-07-29T15:44:03.081Z] 📋 正在生成数据汇总...
[2025-07-29T15:44:03.088Z] ✅ 汇总完成: 180个视频，保存到 dynamic_api_data/summary_all_videos.json
[2025-07-29T15:49:06.349Z] 🚀 开始批量爬取: 第1页 到 第10页
[2025-07-29T15:49:06.350Z] 📊 配置信息:
[2025-07-29T15:49:06.350Z]    - 批次大小: 10页/批
[2025-07-29T15:49:06.350Z]    - 批次间延迟: 5000ms
[2025-07-29T15:49:06.350Z]    - 页面间延迟: 2000ms
[2025-07-29T15:49:06.350Z] 📁 已完成页面: 5页
[2025-07-29T15:49:06.350Z]    最新页面: 第5页
[2025-07-29T15:49:06.350Z] 📋 待爬取页面: 5页
[2025-07-29T15:49:06.350Z] 
🔄 执行第1/1批次: 页面 6-10
[2025-07-29T15:49:06.351Z] 📥 开始爬取第6页...
[2025-07-29T15:49:20.294Z] ⚠️ 第6页API参数获取失败
[2025-07-29T15:49:20.372Z] ❌ 第6页爬取失败
[2025-07-29T15:49:22.373Z] 📥 开始爬取第7页...
[2025-07-29T15:49:37.144Z] ⚠️ 第7页API参数获取失败
[2025-07-29T15:49:37.213Z] ❌ 第7页爬取失败
[2025-07-29T15:49:39.213Z] 📥 开始爬取第8页...
[2025-07-29T15:49:53.002Z] ⚠️ 第8页API参数获取失败
[2025-07-29T15:49:53.069Z] ❌ 第8页爬取失败
[2025-07-29T15:49:55.071Z] 📥 开始爬取第9页...
[2025-07-29T15:50:08.576Z] ⚠️ 第9页API参数获取失败
[2025-07-29T15:50:08.635Z] ❌ 第9页爬取失败
[2025-07-29T15:50:10.636Z] 📥 开始爬取第10页...
[2025-07-29T15:50:23.477Z] ⚠️ 第10页API参数获取失败
[2025-07-29T15:50:23.544Z] ❌ 第10页爬取失败
[2025-07-29T15:50:23.544Z] 
📊 爬取完成统计:
[2025-07-29T15:50:23.544Z]    ✅ 成功: 5页
[2025-07-29T15:50:23.544Z]    ❌ 失败: 5页
[2025-07-29T15:50:23.544Z]    📈 成功率: 50.00%
[2025-07-29T15:50:23.544Z] 
🔄 失败页面列表: 6, 7, 8, 9, 10
[2025-07-29T15:50:23.545Z] 💡 可以稍后重新运行来重试失败的页面
[2025-07-29T15:50:23.545Z] 📋 正在生成数据汇总...
[2025-07-29T15:50:23.549Z] ✅ 汇总完成: 180个视频，保存到 dynamic_api_data/summary_all_videos.json
[2025-07-29T15:51:43.509Z] 🚀 开始批量爬取: 第1页 到 第100页
[2025-07-29T15:51:43.510Z] 📊 配置信息:
[2025-07-29T15:51:43.510Z]    - 批次大小: 10页/批
[2025-07-29T15:51:43.510Z]    - 批次间延迟: 5000ms
[2025-07-29T15:51:43.511Z]    - 页面间延迟: 2000ms
[2025-07-29T15:51:43.511Z] 📁 已完成页面: 5页
[2025-07-29T15:51:43.511Z]    最新页面: 第5页
[2025-07-29T15:51:43.511Z] 📋 待爬取页面: 95页
[2025-07-29T15:51:43.511Z] 
🔄 执行第1/10批次: 页面 6-15
[2025-07-29T15:51:43.511Z] 📥 开始爬取第6页...
[2025-07-29T15:51:56.803Z] ⚠️ 第6页API参数获取失败
[2025-07-29T15:51:56.864Z] ❌ 第6页爬取失败
[2025-07-29T15:51:58.866Z] 📥 开始爬取第7页...
[2025-07-29T15:55:19.282Z] 🚀 开始批量爬取: 第6页 到 第8页
[2025-07-29T15:55:19.283Z] 📊 配置信息:
[2025-07-29T15:55:19.283Z]    - 批次大小: 10页/批
[2025-07-29T15:55:19.283Z]    - 批次间延迟: 5000ms
[2025-07-29T15:55:19.283Z]    - 页面间延迟: 2000ms
[2025-07-29T15:55:19.284Z] 📁 已完成页面: 5页
[2025-07-29T15:55:19.284Z]    最新页面: 第5页
[2025-07-29T15:55:19.284Z] 📋 待爬取页面: 3页
[2025-07-29T15:55:19.284Z] 
🔄 执行第1/1批次: 页面 6-8
[2025-07-29T15:55:19.284Z] 📥 开始爬取第6页...
[2025-07-29T15:55:32.075Z] 📡 正在调用API获取第6页数据...
[2025-07-29T15:55:33.427Z] ✅ 第6页API请求成功，获得0条数据
[2025-07-29T15:55:33.427Z] ⚠️ 第6页数据格式异常
[2025-07-29T15:55:33.479Z] ✅ 第6页爬取成功
[2025-07-29T15:55:35.482Z] 📥 开始爬取第7页...
[2025-07-29T15:55:48.792Z] 📡 正在调用API获取第7页数据...
[2025-07-29T15:55:50.271Z] ✅ 第7页API请求成功，获得0条数据
[2025-07-29T15:55:50.272Z] ⚠️ 第7页数据格式异常
[2025-07-29T15:55:50.323Z] ✅ 第7页爬取成功
[2025-07-29T15:55:52.325Z] 📥 开始爬取第8页...
[2025-07-29T15:56:58.356Z] 🚀 开始批量爬取: 第6页 到 第7页
[2025-07-29T15:56:58.357Z] 📊 配置信息:
[2025-07-29T15:56:58.357Z]    - 批次大小: 10页/批
[2025-07-29T15:56:58.357Z]    - 批次间延迟: 5000ms
[2025-07-29T15:56:58.357Z]    - 页面间延迟: 2000ms
[2025-07-29T15:56:58.357Z] 📁 已完成页面: 5页
[2025-07-29T15:56:58.357Z]    最新页面: 第5页
[2025-07-29T15:56:58.357Z] 📋 待爬取页面: 2页
[2025-07-29T15:56:58.358Z] 
🔄 执行第1/1批次: 页面 6-7
[2025-07-29T15:56:58.358Z] 📥 开始爬取第6页...
[2025-07-29T15:57:11.697Z] 📡 正在调用API获取第6页数据...
[2025-07-29T15:57:13.413Z] ✅ 第6页API请求成功，获得36条数据
[2025-07-29T15:57:13.413Z] 📊 总页数: 30, 总记录数: 35951
[2025-07-29T15:57:13.414Z] 💾 第6页数据已保存: 36个视频
[2025-07-29T15:57:13.472Z] ✅ 第6页爬取成功
[2025-07-29T15:57:15.474Z] 📥 开始爬取第7页...
[2025-07-29T15:57:30.558Z] 📡 正在调用API获取第7页数据...
[2025-07-29T15:57:32.086Z] ✅ 第7页API请求成功，获得36条数据
[2025-07-29T15:57:32.086Z] 📊 总页数: 30, 总记录数: 35951
[2025-07-29T15:57:32.087Z] 💾 第7页数据已保存: 36个视频
[2025-07-29T15:57:32.143Z] ✅ 第7页爬取成功
[2025-07-29T15:57:32.143Z] 
📊 爬取完成统计:
[2025-07-29T15:57:32.143Z]    ✅ 成功: 7页
[2025-07-29T15:57:32.143Z]    ❌ 失败: 0页
[2025-07-29T15:57:32.143Z]    📈 成功率: 100.00%
[2025-07-29T15:57:32.143Z] 📋 正在生成数据汇总...
[2025-07-29T15:57:32.149Z] ✅ 汇总完成: 252个视频，保存到 dynamic_api_data/summary_all_videos.json
[2025-07-29T16:00:27.776Z] 🚀 开始批量爬取: 第1页 到 第999页
[2025-07-29T16:00:27.777Z] 📊 配置信息:
[2025-07-29T16:00:27.777Z]    - 批次大小: 10页/批
[2025-07-29T16:00:27.777Z]    - 批次间延迟: 5000ms
[2025-07-29T16:00:27.777Z]    - 页面间延迟: 2000ms
[2025-07-29T16:00:27.777Z] 📁 已完成页面: 7页
[2025-07-29T16:00:27.777Z]    最新页面: 第7页
[2025-07-29T16:00:27.778Z] 📋 待爬取页面: 992页
[2025-07-29T16:00:27.778Z] 
🔄 执行第1/100批次: 页面 8-17
[2025-07-29T16:00:27.778Z] 📥 开始爬取第8页...
[2025-07-29T16:00:41.175Z] 📡 正在调用API获取第8页数据...
[2025-07-29T16:00:42.898Z] ✅ 第8页API请求成功，获得36条数据
[2025-07-29T16:00:42.898Z] 📊 总页数: 30, 总记录数: 35951
[2025-07-29T16:00:42.899Z] 💾 第8页数据已保存: 36个视频
[2025-07-29T16:00:42.952Z] ✅ 第8页爬取成功
[2025-07-29T16:00:44.954Z] 📥 开始爬取第9页...
[2025-07-29T16:00:57.688Z] 📡 正在调用API获取第9页数据...
[2025-07-29T16:00:59.135Z] ✅ 第9页API请求成功，获得36条数据
[2025-07-29T16:00:59.135Z] 📊 总页数: 30, 总记录数: 35951
[2025-07-29T16:00:59.136Z] 💾 第9页数据已保存: 36个视频
[2025-07-29T16:00:59.188Z] ✅ 第9页爬取成功
[2025-07-29T16:01:01.189Z] 📥 开始爬取第10页...
[2025-07-29T16:01:13.527Z] 📡 正在调用API获取第10页数据...
[2025-07-29T16:01:14.837Z] ✅ 第10页API请求成功，获得36条数据
[2025-07-29T16:01:14.837Z] 📊 总页数: 30, 总记录数: 35951
[2025-07-29T16:01:14.838Z] 💾 第10页数据已保存: 36个视频
[2025-07-29T16:01:14.889Z] ✅ 第10页爬取成功
[2025-07-29T16:01:16.891Z] 📥 开始爬取第11页...
[2025-07-29T16:01:29.642Z] 📡 正在调用API获取第11页数据...
[2025-07-29T16:01:31.563Z] ✅ 第11页API请求成功，获得36条数据
[2025-07-29T16:01:31.564Z] 📊 总页数: 30, 总记录数: 35951
[2025-07-29T16:01:31.565Z] 💾 第11页数据已保存: 36个视频
[2025-07-29T16:01:31.618Z] ✅ 第11页爬取成功
[2025-07-29T16:01:33.620Z] 📥 开始爬取第12页...
[2025-07-29T16:01:47.134Z] 📡 正在调用API获取第12页数据...
[2025-07-29T16:01:48.382Z] ✅ 第12页API请求成功，获得36条数据
[2025-07-29T16:01:48.382Z] 📊 总页数: 30, 总记录数: 35951
[2025-07-29T16:01:48.383Z] 💾 第12页数据已保存: 36个视频
[2025-07-29T16:01:48.453Z] ✅ 第12页爬取成功
[2025-07-29T16:01:50.454Z] 📥 开始爬取第13页...
[2025-07-29T16:02:04.552Z] 📡 正在调用API获取第13页数据...
[2025-07-29T16:02:08.112Z] ✅ 第13页API请求成功，获得36条数据
[2025-07-29T16:02:08.113Z] 📊 总页数: 30, 总记录数: 35951
[2025-07-29T16:02:08.114Z] 💾 第13页数据已保存: 36个视频
[2025-07-29T16:02:08.178Z] ✅ 第13页爬取成功
[2025-07-29T16:02:10.179Z] 📥 开始爬取第14页...
[2025-07-29T16:02:23.233Z] 📡 正在调用API获取第14页数据...
[2025-07-29T16:02:24.468Z] ✅ 第14页API请求成功，获得36条数据
[2025-07-29T16:02:24.469Z] 📊 总页数: 30, 总记录数: 35951
[2025-07-29T16:02:24.470Z] 💾 第14页数据已保存: 36个视频
[2025-07-29T16:02:24.549Z] ✅ 第14页爬取成功
[2025-07-29T16:02:26.549Z] 📥 开始爬取第15页...
[2025-07-29T16:02:39.689Z] 📡 正在调用API获取第15页数据...
[2025-07-29T16:02:41.065Z] ✅ 第15页API请求成功，获得36条数据
[2025-07-29T16:02:41.065Z] 📊 总页数: 30, 总记录数: 35951
[2025-07-29T16:02:41.065Z] 💾 第15页数据已保存: 36个视频
[2025-07-29T16:02:41.126Z] ✅ 第15页爬取成功
[2025-07-29T16:02:43.127Z] 📥 开始爬取第16页...
[2025-07-29T16:02:56.515Z] 📡 正在调用API获取第16页数据...
[2025-07-29T16:02:58.045Z] ✅ 第16页API请求成功，获得36条数据
[2025-07-29T16:02:58.045Z] 📊 总页数: 30, 总记录数: 35951
[2025-07-29T16:02:58.046Z] 💾 第16页数据已保存: 36个视频
[2025-07-29T16:02:58.105Z] ✅ 第16页爬取成功
[2025-07-29T16:03:00.106Z] 📥 开始爬取第17页...
[2025-07-29T16:03:13.163Z] 📡 正在调用API获取第17页数据...
[2025-07-29T16:03:14.334Z] ✅ 第17页API请求成功，获得36条数据
[2025-07-29T16:03:14.335Z] 📊 总页数: 30, 总记录数: 35951
[2025-07-29T16:03:14.336Z] 💾 第17页数据已保存: 36个视频
[2025-07-29T16:03:14.409Z] ✅ 第17页爬取成功
[2025-07-29T16:03:14.409Z] ⏳ 批次间休息 5000ms...
[2025-07-29T16:03:19.410Z] 
🔄 执行第2/100批次: 页面 18-27
[2025-07-29T16:03:19.411Z] 📥 开始爬取第18页...
[2025-07-29T16:03:32.729Z] 📡 正在调用API获取第18页数据...
[2025-07-29T16:03:34.022Z] ✅ 第18页API请求成功，获得36条数据
[2025-07-29T16:03:34.022Z] 📊 总页数: 30, 总记录数: 35951
[2025-07-29T16:03:34.023Z] 💾 第18页数据已保存: 36个视频
[2025-07-29T16:03:34.097Z] ✅ 第18页爬取成功
[2025-07-29T16:03:36.099Z] 📥 开始爬取第19页...
[2025-07-29T16:03:48.355Z] 📡 正在调用API获取第19页数据...
[2025-07-29T16:03:49.757Z] ✅ 第19页API请求成功，获得36条数据
[2025-07-29T16:03:49.757Z] 📊 总页数: 30, 总记录数: 35951
[2025-07-29T16:03:49.758Z] 💾 第19页数据已保存: 36个视频
[2025-07-29T16:03:49.821Z] ✅ 第19页爬取成功
[2025-07-29T16:03:51.822Z] 📥 开始爬取第20页...
[2025-07-29T16:04:04.434Z] 📡 正在调用API获取第20页数据...
[2025-07-29T16:04:05.679Z] ✅ 第20页API请求成功，获得36条数据
[2025-07-29T16:04:05.680Z] 📊 总页数: 30, 总记录数: 35951
[2025-07-29T16:04:05.681Z] 💾 第20页数据已保存: 36个视频
[2025-07-29T16:04:05.760Z] ✅ 第20页爬取成功
[2025-07-29T16:04:07.762Z] 📥 开始爬取第21页...
[2025-07-29T16:04:20.906Z] 📡 正在调用API获取第21页数据...
[2025-07-29T16:04:22.257Z] ✅ 第21页API请求成功，获得36条数据
[2025-07-29T16:04:22.258Z] 📊 总页数: 30, 总记录数: 35951
[2025-07-29T16:04:22.259Z] 💾 第21页数据已保存: 36个视频
[2025-07-29T16:04:22.327Z] ✅ 第21页爬取成功
[2025-07-29T16:04:24.329Z] 📥 开始爬取第22页...
[2025-07-29T16:04:37.514Z] 📡 正在调用API获取第22页数据...
[2025-07-29T16:04:39.660Z] ✅ 第22页API请求成功，获得36条数据
[2025-07-29T16:04:39.661Z] 📊 总页数: 30, 总记录数: 35951
[2025-07-29T16:04:39.663Z] 💾 第22页数据已保存: 36个视频
[2025-07-29T16:04:39.728Z] ✅ 第22页爬取成功
[2025-07-29T16:04:41.729Z] 📥 开始爬取第23页...
[2025-07-29T16:04:54.073Z] 📡 正在调用API获取第23页数据...
[2025-07-29T16:04:55.531Z] ✅ 第23页API请求成功，获得36条数据
[2025-07-29T16:04:55.531Z] 📊 总页数: 30, 总记录数: 35951
[2025-07-29T16:04:55.532Z] 💾 第23页数据已保存: 36个视频
[2025-07-29T16:04:55.617Z] ✅ 第23页爬取成功
[2025-07-29T16:04:57.618Z] 📥 开始爬取第24页...
[2025-07-29T16:05:09.638Z] 📡 正在调用API获取第24页数据...
[2025-07-29T16:05:11.062Z] ✅ 第24页API请求成功，获得36条数据
[2025-07-29T16:05:11.062Z] 📊 总页数: 30, 总记录数: 35951
[2025-07-29T16:05:11.063Z] 💾 第24页数据已保存: 36个视频
[2025-07-29T16:05:11.123Z] ✅ 第24页爬取成功
[2025-07-29T16:05:13.124Z] 📥 开始爬取第25页...
[2025-07-29T16:05:25.587Z] 📡 正在调用API获取第25页数据...
[2025-07-29T16:05:27.512Z] ✅ 第25页API请求成功，获得36条数据
[2025-07-29T16:05:27.513Z] 📊 总页数: 30, 总记录数: 35951
[2025-07-29T16:05:27.514Z] 💾 第25页数据已保存: 36个视频
[2025-07-29T16:05:27.576Z] ✅ 第25页爬取成功
[2025-07-29T16:05:29.578Z] 📥 开始爬取第26页...
[2025-07-29T16:05:42.168Z] 📡 正在调用API获取第26页数据...
[2025-07-29T16:05:43.888Z] ✅ 第26页API请求成功，获得36条数据
[2025-07-29T16:05:43.888Z] 📊 总页数: 30, 总记录数: 35951
[2025-07-29T16:05:43.890Z] 💾 第26页数据已保存: 36个视频
[2025-07-29T16:05:43.953Z] ✅ 第26页爬取成功
[2025-07-29T16:05:45.954Z] 📥 开始爬取第27页...
[2025-07-29T16:05:58.362Z] 📡 正在调用API获取第27页数据...
[2025-07-29T16:05:59.968Z] ✅ 第27页API请求成功，获得36条数据
[2025-07-29T16:05:59.969Z] 📊 总页数: 30, 总记录数: 35951
[2025-07-29T16:05:59.970Z] 💾 第27页数据已保存: 36个视频
[2025-07-29T16:06:00.040Z] ✅ 第27页爬取成功
[2025-07-29T16:06:00.040Z] ⏳ 批次间休息 5000ms...
[2025-07-29T16:06:05.041Z] 
🔄 执行第3/100批次: 页面 28-37
[2025-07-29T16:06:05.041Z] 📥 开始爬取第28页...
[2025-07-29T16:06:17.763Z] 📡 正在调用API获取第28页数据...
[2025-07-29T16:06:19.184Z] ✅ 第28页API请求成功，获得36条数据
[2025-07-29T16:06:19.184Z] 📊 总页数: 30, 总记录数: 35951
[2025-07-29T16:06:19.185Z] 💾 第28页数据已保存: 36个视频
[2025-07-29T16:06:19.245Z] ✅ 第28页爬取成功
[2025-07-29T16:06:21.247Z] 📥 开始爬取第29页...
[2025-07-29T16:06:33.809Z] 📡 正在调用API获取第29页数据...
[2025-07-29T16:06:35.458Z] ✅ 第29页API请求成功，获得36条数据
[2025-07-29T16:06:35.458Z] 📊 总页数: 30, 总记录数: 35951
[2025-07-29T16:06:35.459Z] 💾 第29页数据已保存: 36个视频
[2025-07-29T16:06:35.516Z] ✅ 第29页爬取成功
[2025-07-29T16:06:37.517Z] 📥 开始爬取第30页...
[2025-07-29T16:06:49.752Z] 📡 正在调用API获取第30页数据...
[2025-07-29T16:06:51.384Z] ✅ 第30页API请求成功，获得36条数据
[2025-07-29T16:06:51.384Z] 📊 总页数: 30, 总记录数: 35951
[2025-07-29T16:06:51.385Z] 💾 第30页数据已保存: 36个视频
[2025-07-29T16:06:51.450Z] ✅ 第30页爬取成功
[2025-07-29T16:06:53.451Z] 📥 开始爬取第31页...
[2025-07-29T16:07:03.914Z] 📡 正在调用API获取第31页数据...
[2025-07-29T16:07:05.047Z] ✅ 第31页API请求成功，获得0条数据
[2025-07-29T16:07:05.047Z] 📊 总页数: 30, 总记录数: 35951
[2025-07-29T16:07:05.047Z] 💾 第31页数据已保存: 0个视频
[2025-07-29T16:07:05.101Z] ✅ 第31页爬取成功
[2025-07-29T16:07:07.103Z] 📥 开始爬取第32页...
[2025-07-29T16:07:18.322Z] 📡 正在调用API获取第32页数据...
[2025-07-29T16:07:20.513Z] ✅ 第32页API请求成功，获得0条数据
[2025-07-29T16:07:20.513Z] 📊 总页数: 30, 总记录数: 35951
[2025-07-29T16:07:20.514Z] 💾 第32页数据已保存: 0个视频
[2025-07-29T16:07:20.566Z] ✅ 第32页爬取成功
[2025-07-29T16:07:22.567Z] 📥 开始爬取第33页...
[2025-07-29T16:07:34.661Z] 📡 正在调用API获取第33页数据...
[2025-07-29T16:07:35.900Z] ✅ 第33页API请求成功，获得0条数据
[2025-07-29T16:07:35.900Z] 📊 总页数: 30, 总记录数: 35951
[2025-07-29T16:07:35.901Z] 💾 第33页数据已保存: 0个视频
[2025-07-29T16:07:35.949Z] ✅ 第33页爬取成功
[2025-07-29T16:07:37.950Z] 📥 开始爬取第34页...
[2025-07-29T16:07:49.022Z] 📡 正在调用API获取第34页数据...
[2025-07-29T16:07:50.401Z] ✅ 第34页API请求成功，获得0条数据
[2025-07-29T16:07:50.401Z] 📊 总页数: 30, 总记录数: 35951
[2025-07-29T16:07:50.401Z] 💾 第34页数据已保存: 0个视频
[2025-07-29T16:07:50.444Z] ✅ 第34页爬取成功
[2025-07-29T16:07:52.446Z] 📥 开始爬取第35页...
[2025-07-29T16:08:02.108Z] 📡 正在调用API获取第35页数据...
[2025-07-29T16:08:03.507Z] ✅ 第35页API请求成功，获得0条数据
[2025-07-29T16:08:03.507Z] 📊 总页数: 30, 总记录数: 35951
[2025-07-29T16:08:03.507Z] 💾 第35页数据已保存: 0个视频
[2025-07-29T16:08:03.554Z] ✅ 第35页爬取成功
[2025-07-29T16:08:05.556Z] 📥 开始爬取第36页...
[2025-07-29T16:08:16.241Z] 📡 正在调用API获取第36页数据...
[2025-07-29T16:08:17.384Z] ✅ 第36页API请求成功，获得0条数据
[2025-07-29T16:08:17.384Z] 📊 总页数: 30, 总记录数: 35951
[2025-07-29T16:08:17.384Z] 💾 第36页数据已保存: 0个视频
[2025-07-29T16:08:17.449Z] ✅ 第36页爬取成功
[2025-07-29T16:08:19.450Z] 📥 开始爬取第37页...
[2025-07-29T16:08:29.398Z] 📡 正在调用API获取第37页数据...
[2025-07-29T16:08:30.849Z] ✅ 第37页API请求成功，获得0条数据
[2025-07-29T16:08:30.850Z] 📊 总页数: 30, 总记录数: 35951
[2025-07-29T16:08:30.850Z] 💾 第37页数据已保存: 0个视频
[2025-07-29T16:08:30.894Z] ✅ 第37页爬取成功
[2025-07-29T16:08:30.894Z] ⏳ 批次间休息 5000ms...
[2025-07-29T16:08:35.895Z] 
🔄 执行第4/100批次: 页面 38-47
[2025-07-29T16:08:35.895Z] 📥 开始爬取第38页...
[2025-07-29T16:08:46.195Z] 📡 正在调用API获取第38页数据...
[2025-07-29T16:08:47.887Z] ✅ 第38页API请求成功，获得0条数据
[2025-07-29T16:08:47.887Z] 📊 总页数: 30, 总记录数: 35951
[2025-07-29T16:08:47.888Z] 💾 第38页数据已保存: 0个视频
[2025-07-29T16:08:47.942Z] ✅ 第38页爬取成功
[2025-07-29T16:08:49.943Z] 📥 开始爬取第39页...
[2025-07-29T16:09:00.983Z] 📡 正在调用API获取第39页数据...
[2025-07-29T16:09:02.232Z] ✅ 第39页API请求成功，获得0条数据
[2025-07-29T16:09:02.232Z] 📊 总页数: 30, 总记录数: 35951
[2025-07-29T16:09:02.232Z] 💾 第39页数据已保存: 0个视频
[2025-07-29T16:09:02.291Z] ✅ 第39页爬取成功
[2025-07-29T16:09:04.292Z] 📥 开始爬取第40页...
[2025-07-29T16:09:14.758Z] 📡 正在调用API获取第40页数据...
[2025-07-29T16:09:16.055Z] ✅ 第40页API请求成功，获得0条数据
[2025-07-29T16:09:16.055Z] 📊 总页数: 30, 总记录数: 35951
[2025-07-29T16:09:16.056Z] 💾 第40页数据已保存: 0个视频
[2025-07-29T16:09:16.105Z] ✅ 第40页爬取成功
[2025-07-29T16:09:18.107Z] 📥 开始爬取第41页...
[2025-07-29T16:09:28.892Z] 📡 正在调用API获取第41页数据...
[2025-07-29T16:09:30.187Z] ✅ 第41页API请求成功，获得0条数据
[2025-07-29T16:09:30.187Z] 📊 总页数: 30, 总记录数: 35951
[2025-07-29T16:09:30.187Z] 💾 第41页数据已保存: 0个视频
[2025-07-29T16:09:30.236Z] ✅ 第41页爬取成功
[2025-07-29T16:09:32.237Z] 📥 开始爬取第42页...
[2025-07-29T16:09:42.404Z] 📡 正在调用API获取第42页数据...
[2025-07-29T16:09:44.053Z] ✅ 第42页API请求成功，获得0条数据
[2025-07-29T16:09:44.054Z] 📊 总页数: 30, 总记录数: 35951
[2025-07-29T16:09:44.055Z] 💾 第42页数据已保存: 0个视频
[2025-07-29T16:09:44.111Z] ✅ 第42页爬取成功
[2025-07-29T16:09:46.112Z] 📥 开始爬取第43页...
[2025-07-29T16:09:57.294Z] 📡 正在调用API获取第43页数据...
[2025-07-29T16:09:58.698Z] ✅ 第43页API请求成功，获得0条数据
[2025-07-29T16:09:58.698Z] 📊 总页数: 30, 总记录数: 35951
[2025-07-29T16:09:58.698Z] 💾 第43页数据已保存: 0个视频
[2025-07-29T16:09:58.744Z] ✅ 第43页爬取成功
[2025-07-29T16:10:00.745Z] 📥 开始爬取第44页...
[2025-07-29T16:10:11.771Z] 📡 正在调用API获取第44页数据...
[2025-07-29T16:10:13.161Z] ✅ 第44页API请求成功，获得0条数据
[2025-07-29T16:10:13.161Z] 📊 总页数: 30, 总记录数: 35951
[2025-07-29T16:10:13.161Z] 💾 第44页数据已保存: 0个视频
[2025-07-29T16:10:13.215Z] ✅ 第44页爬取成功
[2025-07-29T16:10:15.217Z] 📥 开始爬取第45页...
[2025-07-29T16:10:25.034Z] 📡 正在调用API获取第45页数据...
[2025-07-29T16:10:26.982Z] ✅ 第45页API请求成功，获得0条数据
[2025-07-29T16:10:26.982Z] 📊 总页数: 30, 总记录数: 35951
[2025-07-29T16:10:26.983Z] 💾 第45页数据已保存: 0个视频
[2025-07-29T16:10:27.043Z] ✅ 第45页爬取成功
[2025-07-29T16:10:29.044Z] 📥 开始爬取第46页...
[2025-07-29T16:10:39.075Z] 📡 正在调用API获取第46页数据...
[2025-07-29T16:10:40.479Z] ✅ 第46页API请求成功，获得0条数据
[2025-07-29T16:10:40.479Z] 📊 总页数: 30, 总记录数: 35951
[2025-07-29T16:10:40.479Z] 💾 第46页数据已保存: 0个视频
[2025-07-29T16:10:40.531Z] ✅ 第46页爬取成功
[2025-07-29T16:10:42.531Z] 📥 开始爬取第47页...
[2025-07-29T16:10:53.438Z] 📡 正在调用API获取第47页数据...
[2025-07-29T16:10:54.801Z] ✅ 第47页API请求成功，获得0条数据
[2025-07-29T16:10:54.801Z] 📊 总页数: 30, 总记录数: 35951
[2025-07-29T16:10:54.801Z] 💾 第47页数据已保存: 0个视频
[2025-07-29T16:10:54.851Z] ✅ 第47页爬取成功
[2025-07-29T16:10:54.851Z] ⏳ 批次间休息 5000ms...
[2025-07-29T16:10:59.852Z] 
🔄 执行第5/100批次: 页面 48-57
[2025-07-29T16:10:59.852Z] 📥 开始爬取第48页...
[2025-07-29T16:11:09.996Z] 📡 正在调用API获取第48页数据...
[2025-07-29T16:11:11.361Z] ✅ 第48页API请求成功，获得0条数据
[2025-07-29T16:11:11.362Z] 📊 总页数: 30, 总记录数: 35951
[2025-07-29T16:11:11.363Z] 💾 第48页数据已保存: 0个视频
[2025-07-29T16:11:11.425Z] ✅ 第48页爬取成功
[2025-07-29T16:11:13.427Z] 📥 开始爬取第49页...
[2025-07-29T16:11:24.315Z] 📡 正在调用API获取第49页数据...
[2025-07-29T16:11:25.667Z] ✅ 第49页API请求成功，获得0条数据
[2025-07-29T16:11:25.668Z] 📊 总页数: 30, 总记录数: 35951
[2025-07-29T16:11:25.668Z] 💾 第49页数据已保存: 0个视频
[2025-07-29T16:11:25.715Z] ✅ 第49页爬取成功
[2025-07-29T16:11:27.716Z] 📥 开始爬取第50页...
[2025-07-29T16:11:38.872Z] 📡 正在调用API获取第50页数据...
[2025-07-29T16:11:40.194Z] ✅ 第50页API请求成功，获得0条数据
[2025-07-29T16:11:40.194Z] 📊 总页数: 30, 总记录数: 35951
[2025-07-29T16:11:40.195Z] 💾 第50页数据已保存: 0个视频
[2025-07-29T16:11:40.236Z] ✅ 第50页爬取成功
[2025-07-29T16:11:42.237Z] 📥 开始爬取第51页...
[2025-07-29T16:11:51.869Z] 📡 正在调用API获取第51页数据...
[2025-07-29T16:11:52.988Z] ✅ 第51页API请求成功，获得0条数据
[2025-07-29T16:11:52.989Z] 📊 总页数: 30, 总记录数: 35951
[2025-07-29T16:11:52.989Z] 💾 第51页数据已保存: 0个视频
[2025-07-29T16:11:53.043Z] ✅ 第51页爬取成功
[2025-07-29T16:11:55.045Z] 📥 开始爬取第52页...
[2025-07-29T16:12:05.804Z] 📡 正在调用API获取第52页数据...
[2025-07-29T16:12:07.146Z] ✅ 第52页API请求成功，获得0条数据
[2025-07-29T16:12:07.146Z] 📊 总页数: 30, 总记录数: 35951
[2025-07-29T16:12:07.146Z] 💾 第52页数据已保存: 0个视频
[2025-07-29T16:12:07.191Z] ✅ 第52页爬取成功
[2025-07-29T16:12:09.193Z] 📥 开始爬取第53页...
[2025-07-29T16:12:20.278Z] 📡 正在调用API获取第53页数据...
[2025-07-29T16:12:21.617Z] ✅ 第53页API请求成功，获得0条数据
[2025-07-29T16:12:21.617Z] 📊 总页数: 30, 总记录数: 35951
[2025-07-29T16:12:21.617Z] 💾 第53页数据已保存: 0个视频
[2025-07-29T16:12:21.672Z] ✅ 第53页爬取成功
[2025-07-29T16:12:23.673Z] 📥 开始爬取第54页...
[2025-07-29T16:12:34.926Z] 📡 正在调用API获取第54页数据...
[2025-07-29T16:12:36.622Z] ✅ 第54页API请求成功，获得0条数据
[2025-07-29T16:12:36.623Z] 📊 总页数: 30, 总记录数: 35951
[2025-07-29T16:12:36.624Z] 💾 第54页数据已保存: 0个视频
[2025-07-29T16:12:36.681Z] ✅ 第54页爬取成功
[2025-07-29T16:12:38.682Z] 📥 开始爬取第55页...
[2025-07-29T16:12:48.567Z] 📡 正在调用API获取第55页数据...
[2025-07-29T16:12:49.931Z] ✅ 第55页API请求成功，获得0条数据
[2025-07-29T16:12:49.931Z] 📊 总页数: 30, 总记录数: 35951
[2025-07-29T16:12:49.931Z] 💾 第55页数据已保存: 0个视频
[2025-07-29T16:12:49.984Z] ✅ 第55页爬取成功
[2025-07-29T16:12:51.985Z] 📥 开始爬取第56页...
[2025-07-29T16:13:01.606Z] 📡 正在调用API获取第56页数据...
[2025-07-29T16:13:02.727Z] ✅ 第56页API请求成功，获得0条数据
[2025-07-29T16:13:02.728Z] 📊 总页数: 30, 总记录数: 35951
[2025-07-29T16:13:02.728Z] 💾 第56页数据已保存: 0个视频
[2025-07-29T16:13:02.783Z] ✅ 第56页爬取成功
[2025-07-29T16:13:04.783Z] 📥 开始爬取第57页...
[2025-07-29T16:13:15.296Z] 💥 第57页处理异常: Protocol error: Connection closed. Most likely the page has been closed.
[2025-07-29T16:13:15.297Z] ❌ 第57页爬取失败
[2025-07-29T16:13:15.298Z] ⏳ 批次间休息 5000ms...
[2025-07-29T16:13:20.301Z] 
🔄 执行第6/100批次: 页面 58-67
[2025-07-29T16:13:20.301Z] 📥 开始爬取第58页...
[2025-07-29T16:13:30.757Z] 📡 正在调用API获取第58页数据...
[2025-07-29T16:13:32.398Z] ✅ 第58页API请求成功，获得0条数据
[2025-07-29T16:13:32.398Z] 📊 总页数: 30, 总记录数: 35951
[2025-07-29T16:13:32.398Z] 💾 第58页数据已保存: 0个视频
[2025-07-29T16:13:32.451Z] ✅ 第58页爬取成功
[2025-07-29T16:13:34.452Z] 📥 开始爬取第59页...
[2025-07-29T16:13:45.994Z] 📡 正在调用API获取第59页数据...
[2025-07-29T16:13:47.272Z] ✅ 第59页API请求成功，获得0条数据
[2025-07-29T16:13:47.272Z] 📊 总页数: 30, 总记录数: 35951
[2025-07-29T16:13:47.272Z] 💾 第59页数据已保存: 0个视频
[2025-07-29T16:13:47.323Z] ✅ 第59页爬取成功
[2025-07-29T16:13:49.323Z] 📥 开始爬取第60页...
[2025-07-29T16:14:00.595Z] 📡 正在调用API获取第60页数据...
[2025-07-29T16:14:01.913Z] ✅ 第60页API请求成功，获得0条数据
[2025-07-29T16:14:01.913Z] 📊 总页数: 30, 总记录数: 35951
[2025-07-29T16:14:01.914Z] 💾 第60页数据已保存: 0个视频
[2025-07-29T16:14:01.987Z] ✅ 第60页爬取成功
[2025-07-29T16:14:03.988Z] 📥 开始爬取第61页...
[2025-07-29T16:14:14.841Z] 📡 正在调用API获取第61页数据...
[2025-07-29T16:14:16.088Z] ✅ 第61页API请求成功，获得0条数据
[2025-07-29T16:14:16.088Z] 📊 总页数: 30, 总记录数: 35951
[2025-07-29T16:14:16.089Z] 💾 第61页数据已保存: 0个视频
[2025-07-29T16:14:16.159Z] ✅ 第61页爬取成功
[2025-07-29T16:14:18.161Z] 📥 开始爬取第62页...
[2025-07-29T16:14:28.976Z] 📡 正在调用API获取第62页数据...
[2025-07-29T16:14:30.239Z] ✅ 第62页API请求成功，获得0条数据
[2025-07-29T16:14:30.239Z] 📊 总页数: 30, 总记录数: 35951
[2025-07-29T16:14:30.240Z] 💾 第62页数据已保存: 0个视频
[2025-07-29T16:14:30.307Z] ✅ 第62页爬取成功
[2025-07-29T16:14:32.307Z] 📥 开始爬取第63页...
[2025-07-29T16:14:43.603Z] 📡 正在调用API获取第63页数据...
[2025-07-29T16:14:44.884Z] ✅ 第63页API请求成功，获得0条数据
[2025-07-29T16:14:44.884Z] 📊 总页数: 30, 总记录数: 35951
[2025-07-29T16:14:44.884Z] 💾 第63页数据已保存: 0个视频
[2025-07-29T16:14:44.935Z] ✅ 第63页爬取成功
[2025-07-29T16:14:46.937Z] 📥 开始爬取第64页...
[2025-07-29T16:14:57.498Z] 📡 正在调用API获取第64页数据...
[2025-07-29T16:14:58.907Z] ✅ 第64页API请求成功，获得0条数据
[2025-07-29T16:14:58.907Z] 📊 总页数: 30, 总记录数: 35951
[2025-07-29T16:14:58.908Z] 💾 第64页数据已保存: 0个视频
[2025-07-29T16:14:58.965Z] ✅ 第64页爬取成功
[2025-07-29T16:15:00.965Z] 📥 开始爬取第65页...
[2025-07-29T16:15:11.180Z] 📡 正在调用API获取第65页数据...
[2025-07-29T16:15:12.537Z] ✅ 第65页API请求成功，获得0条数据
[2025-07-29T16:15:12.538Z] 📊 总页数: 30, 总记录数: 35951
[2025-07-29T16:15:12.538Z] 💾 第65页数据已保存: 0个视频
[2025-07-29T16:15:12.581Z] ✅ 第65页爬取成功
[2025-07-29T16:15:14.583Z] 📥 开始爬取第66页...
[2025-07-29T16:15:24.857Z] 📡 正在调用API获取第66页数据...
[2025-07-29T16:15:26.192Z] ✅ 第66页API请求成功，获得0条数据
[2025-07-29T16:15:26.192Z] 📊 总页数: 30, 总记录数: 35951
[2025-07-29T16:15:26.192Z] 💾 第66页数据已保存: 0个视频
[2025-07-29T16:15:26.247Z] ✅ 第66页爬取成功
[2025-07-29T16:15:28.248Z] 📥 开始爬取第67页...
[2025-07-29T16:15:38.936Z] 📡 正在调用API获取第67页数据...
[2025-07-29T16:15:40.330Z] ✅ 第67页API请求成功，获得0条数据
[2025-07-29T16:15:40.330Z] 📊 总页数: 30, 总记录数: 35951
[2025-07-29T16:15:40.331Z] 💾 第67页数据已保存: 0个视频
[2025-07-29T16:15:40.399Z] ✅ 第67页爬取成功
[2025-07-29T16:15:40.400Z] ⏳ 批次间休息 5000ms...
[2025-07-29T16:15:45.401Z] 
🔄 执行第7/100批次: 页面 68-77
[2025-07-29T16:15:45.401Z] 📥 开始爬取第68页...
[2025-07-29T16:15:56.484Z] 📡 正在调用API获取第68页数据...
[2025-07-29T16:15:57.779Z] ✅ 第68页API请求成功，获得0条数据
[2025-07-29T16:15:57.780Z] 📊 总页数: 30, 总记录数: 35951
[2025-07-29T16:15:57.780Z] 💾 第68页数据已保存: 0个视频
[2025-07-29T16:15:57.859Z] ✅ 第68页爬取成功
[2025-07-29T16:15:59.861Z] 📥 开始爬取第69页...
[2025-07-29T16:16:11.431Z] 📡 正在调用API获取第69页数据...
[2025-07-29T16:16:13.026Z] ✅ 第69页API请求成功，获得0条数据
[2025-07-29T16:16:13.026Z] 📊 总页数: 30, 总记录数: 35951
[2025-07-29T16:16:13.027Z] 💾 第69页数据已保存: 0个视频
[2025-07-29T16:16:13.085Z] ✅ 第69页爬取成功
[2025-07-29T16:16:15.087Z] 📥 开始爬取第70页...
[2025-07-29T16:16:26.145Z] 📡 正在调用API获取第70页数据...
[2025-07-29T16:16:27.520Z] ✅ 第70页API请求成功，获得0条数据
[2025-07-29T16:16:27.521Z] 📊 总页数: 30, 总记录数: 35951
[2025-07-29T16:16:27.521Z] 💾 第70页数据已保存: 0个视频
[2025-07-29T16:16:27.584Z] ✅ 第70页爬取成功
[2025-07-29T16:16:29.586Z] 📥 开始爬取第71页...
[2025-07-29T16:16:41.150Z] 📡 正在调用API获取第71页数据...
[2025-07-29T16:16:42.798Z] ✅ 第71页API请求成功，获得0条数据
[2025-07-29T16:16:42.798Z] 📊 总页数: 30, 总记录数: 35951
[2025-07-29T16:16:42.798Z] 💾 第71页数据已保存: 0个视频
[2025-07-29T16:16:42.851Z] ✅ 第71页爬取成功
[2025-07-29T16:16:44.853Z] 📥 开始爬取第72页...
[2025-07-29T16:16:55.281Z] 📡 正在调用API获取第72页数据...
[2025-07-29T16:16:56.597Z] ✅ 第72页API请求成功，获得0条数据
[2025-07-29T16:16:56.597Z] 📊 总页数: 30, 总记录数: 35951
[2025-07-29T16:16:56.598Z] 💾 第72页数据已保存: 0个视频
[2025-07-29T16:16:56.638Z] ✅ 第72页爬取成功
[2025-07-29T16:16:58.640Z] 📥 开始爬取第73页...
[2025-07-29T16:17:09.619Z] 📡 正在调用API获取第73页数据...
[2025-07-29T16:17:11.139Z] ✅ 第73页API请求成功，获得0条数据
[2025-07-29T16:17:11.140Z] 📊 总页数: 30, 总记录数: 35951
[2025-07-29T16:17:11.141Z] 💾 第73页数据已保存: 0个视频
[2025-07-29T16:17:11.201Z] ✅ 第73页爬取成功
[2025-07-29T16:17:13.203Z] 📥 开始爬取第74页...
[2025-07-29T16:17:24.825Z] 📡 正在调用API获取第74页数据...
[2025-07-29T16:17:25.973Z] ✅ 第74页API请求成功，获得0条数据
[2025-07-29T16:17:25.974Z] 📊 总页数: 30, 总记录数: 35951
[2025-07-29T16:17:25.975Z] 💾 第74页数据已保存: 0个视频
[2025-07-29T16:17:26.048Z] ✅ 第74页爬取成功
[2025-07-29T16:17:28.049Z] 📥 开始爬取第75页...
[2025-07-29T16:17:38.257Z] 📡 正在调用API获取第75页数据...
[2025-07-29T16:17:39.609Z] ✅ 第75页API请求成功，获得0条数据
[2025-07-29T16:17:39.609Z] 📊 总页数: 30, 总记录数: 35951
[2025-07-29T16:17:39.609Z] 💾 第75页数据已保存: 0个视频
[2025-07-29T16:17:39.655Z] ✅ 第75页爬取成功
[2025-07-29T16:17:41.656Z] 📥 开始爬取第76页...
[2025-07-29T16:17:43.333Z] 💥 第76页处理异常: Protocol error: Connection closed. Most likely the page has been closed.
[2025-07-29T16:17:43.333Z] ❌ 第76页爬取失败
[2025-07-29T16:17:45.334Z] 📥 开始爬取第77页...
[2025-07-29T16:17:56.000Z] 💥 第77页处理异常: Protocol error: Connection closed. Most likely the page has been closed.
[2025-07-29T16:17:56.001Z] ❌ 第77页爬取失败
[2025-07-29T16:17:56.006Z] ⏳ 批次间休息 5000ms...
